1598454889311	geckodriver	INFO	Listening on 127.0.0.1:50970
1598454892394	mozrunner::runner	INFO	Running command: "C:\\Program Files\\Mozilla Firefox\\firefox.exe" "--marionette" "-foreground" "-no-remote" "-profile" "C:\\Users\\xyz\\AppData\\Local\\Temp\\rust_mozprofileCLP7T2"
console.error: SearchCache: "_readCacheFile: Error reading cache file:" (new Error("", "(unknown module)"))
JavaScript error: resource://gre/modules/XULStore.jsm, line 66: Error: Can't find profile directory.
console.error: Region.jsm: "Error fetching region" (new AbortError("The operation was aborted. ", (void 0), 636))
console.error: Region.jsm: "Failed to fetch region" (new Error("NO_RESULT", "resource://gre/modules/Region.jsm", 343))
1598454922980	Marionette	INFO	Listening on port 50986
1598454923226	Marionette	WARN	TLS certificate errors will be ignored for this session
1598454928972	Marionette	INFO	Stopped listening on port 50986

###!!! [Child][RunMessage] Error: Channel closing: too late to send/recv, messages will be lost


###!!! [Child][MessageChannel::SendAndWait] Error: Channel error: cannot send/recv

1598454935766	geckodriver	INFO	Listening on 127.0.0.1:51107
1598454938806	mozrunner::runner	INFO	Running command: "C:\\Program Files\\Mozilla Firefox\\firefox.exe" "--marionette" "-foreground" "-no-remote" "-profile" "C:\\Users\\xyz\\AppData\\Local\\Temp\\rust_mozprofilecDfdZ9"
JavaScript error: resource://gre/modules/XULStore.jsm, line 66: Error: Can't find profile directory.
console.error: SearchCache: "_readCacheFile: Error reading cache file:" (new Error("", "(unknown module)"))
1598454944347	Marionette	INFO	Listening on port 51118
1598454944382	Marionette	WARN	TLS certificate errors will be ignored for this session
1598454962102	Marionette	INFO	Stopped listening on port 51118

###!!! [Child][RunMessage] Error: Channel closing: too late to send/recv, messages will be lost


###!!! [Child][MessageChannel::SendAndWait] Error: Channel error: cannot send/recv

1598455004186	geckodriver	INFO	Listening on 127.0.0.1:51222
1598455007209	mozrunner::runner	INFO	Running command: "C:\\Program Files\\Mozilla Firefox\\firefox.exe" "--marionette" "-foreground" "-no-remote" "-profile" "C:\\Users\\xyz\\AppData\\Local\\Temp\\rust_mozprofileMUH5h0"
JavaScript error: resource://gre/modules/XULStore.jsm, line 66: Error: Can't find profile directory.
console.error: SearchCache: "_readCacheFile: Error reading cache file:" (new Error("", "(unknown module)"))
1598455013442	Marionette	INFO	Listening on port 51233
1598455013764	Marionette	WARN	TLS certificate errors will be ignored for this session
1598455018324	Marionette	INFO	Stopped listening on port 51233

###!!! [Child][RunMessage] Error: Channel closing: too late to send/recv, messages will be lost


###!!! [Child][MessageChannel::SendAndWait] Error: Channel error: cannot send/recv

1598455024011	geckodriver	INFO	Listening on 127.0.0.1:51286
1598455027052	mozrunner::runner	INFO	Running command: "C:\\Program Files\\Mozilla Firefox\\firefox.exe" "--marionette" "-foreground" "-no-remote" "-profile" "C:\\Users\\xyz\\AppData\\Local\\Temp\\rust_mozprofileeUITVE"
JavaScript error: resource://gre/modules/XULStore.jsm, line 66: Error: Can't find profile directory.
console.error: SearchCache: "_readCacheFile: Error reading cache file:" (new Error("", "(unknown module)"))
1598455032973	Marionette	INFO	Listening on port 51298
1598455033120	Marionette	WARN	TLS certificate errors will be ignored for this session
1598455047216	Marionette	INFO	Stopped listening on port 51298
IPDL protocol error: Handler returned error code!

###!!! [Parent][DispatchAsyncMessage] Error: PLayerTransaction::Msg_ReleaseLayer Processing error: message was deserialized, but the handler returned false (indicating failure)

IPDL protocol error: Handler returned error code!

###!!! [Parent][DispatchAsyncMessage] Error: PLayerTransaction::Msg_ReleaseLayer Processing error: message was deserialized, but the handler returned false (indicating failure)

IPDL protocol error: Handler returned error code!

###!!! [Parent][DispatchAsyncMessage] Error: PLayerTransaction::Msg_ReleaseLayer Processing error: message was deserialized, but the handler returned false (indicating failure)

IPDL protocol error: Handler returned error code!

###!!! [Parent][DispatchAsyncMessage] Error: PLayerTransaction::Msg_ReleaseLayer Processing error: message was deserialized, but the handler returned false (indicating failure)


###!!! [Child][RunMessage] Error: Channel closing: too late to send/recv, messages will be lost


###!!! [Child][MessageChannel::SendAndWait] Error: Channel error: cannot send/recv

1598463227744	geckodriver	INFO	Listening on 127.0.0.1:50214
1598463230802	mozrunner::runner	INFO	Running command: "C:\\Program Files\\Mozilla Firefox\\firefox.exe" "--marionette" "-foreground" "-no-remote" "-profile" "C:\\Users\\xyz\\AppData\\Local\\Temp\\rust_mozprofileQhaPXS"
JavaScript error: resource://gre/modules/XULStore.jsm, line 66: Error: Can't find profile directory.
console.error: SearchCache: "_readCacheFile: Error reading cache file:" (new Error("", "(unknown module)"))
console.error: Region.jsm: "Error fetching region" (new AbortError("The operation was aborted. ", (void 0), 636))
console.error: Region.jsm: "Failed to fetch region" (new Error("NO_RESULT", "resource://gre/modules/Region.jsm", 343))
[Parent 10748, Gecko_IOThread] WARNING: file /builds/worker/checkouts/gecko/ipc/chromium/src/base/process_util_win.cc, line 166
1598463251003	Marionette	INFO	Listening on port 50223
1598463251256	Marionette	WARN	TLS certificate errors will be ignored for this session
1598463257289	Marionette	INFO	Stopped listening on port 50223

###!!! [Child][RunMessage] Error: Channel closing: too late to send/recv, messages will be lost


###!!! [Child][MessageChannel::SendAndWait] Error: Channel error: cannot send/recv

1598463263412	geckodriver	INFO	Listening on 127.0.0.1:50283
1598463266476	mozrunner::runner	INFO	Running command: "C:\\Program Files\\Mozilla Firefox\\firefox.exe" "--marionette" "-foreground" "-no-remote" "-profile" "C:\\Users\\xyz\\AppData\\Local\\Temp\\rust_mozprofileDOgqJ7"
JavaScript error: resource://gre/modules/XULStore.jsm, line 66: Error: Can't find profile directory.
console.error: SearchCache: "_readCacheFile: Error reading cache file:" (new Error("", "(unknown module)"))
1598463271546	Marionette	INFO	Listening on port 50291
1598463271568	Marionette	WARN	TLS certificate errors will be ignored for this session
1598463290239	Marionette	INFO	Stopped listening on port 50291
JavaScript error: https://admin-demo.nopcommerce.com/lib/jquery/jquery-3.4.1.min.js, line 2: NS_ERROR_NOT_INITIALIZED: 

###!!! [Child][RunMessage] Error: Channel closing: too late to send/recv, messages will be lost


###!!! [Child][MessageChannel::SendAndWait] Error: Channel error: cannot send/recv

1598463341647	geckodriver	INFO	Listening on 127.0.0.1:50353
1598463344689	mozrunner::runner	INFO	Running command: "C:\\Program Files\\Mozilla Firefox\\firefox.exe" "--marionette" "-foreground" "-no-remote" "-profile" "C:\\Users\\xyz\\AppData\\Local\\Temp\\rust_mozprofileEU2U8U"
JavaScript error: resource://gre/modules/XULStore.jsm, line 66: Error: Can't find profile directory.
console.error: SearchCache: "_readCacheFile: Error reading cache file:" (new Error("", "(unknown module)"))
1598463350036	Marionette	INFO	Listening on port 50361
1598463350247	Marionette	WARN	TLS certificate errors will be ignored for this session
console.error: Region.jsm: "Error fetching region" (new AbortError("The operation was aborted. ", (void 0), 636))
console.error: Region.jsm: "Failed to fetch region" (new Error("NO_RESULT", "resource://gre/modules/Region.jsm", 343))
1598463389277	Marionette	INFO	Stopped listening on port 50361

###!!! [Child][RunMessage] Error: Channel closing: too late to send/recv, messages will be lost


###!!! [Child][MessageChannel::SendAndWait] Error: Channel error: cannot send/recv

1598463393229	geckodriver	INFO	Listening on 127.0.0.1:50405
1598463396273	mozrunner::runner	INFO	Running command: "C:\\Program Files\\Mozilla Firefox\\firefox.exe" "--marionette" "-foreground" "-no-remote" "-profile" "C:\\Users\\xyz\\AppData\\Local\\Temp\\rust_mozprofile8gfsyx"
JavaScript error: resource://gre/modules/XULStore.jsm, line 66: Error: Can't find profile directory.
console.error: SearchCache: "_readCacheFile: Error reading cache file:" (new Error("", "(unknown module)"))
1598463401506	Marionette	INFO	Listening on port 50414
1598463401866	Marionette	WARN	TLS certificate errors will be ignored for this session
1598463414646	Marionette	INFO	Stopped listening on port 50414
JavaScript error: https://admin-demo.nopcommerce.com/lib/jquery/jquery-3.4.1.min.js, line 2: NS_ERROR_NOT_INITIALIZED: 
JavaScript error: resource://gre/modules/UrlClassifierListManager.jsm, line 691: TypeError: this.tablesData[table] is undefined

###!!! [Child][RunMessage] Error: Channel closing: too late to send/recv, messages will be lost


###!!! [Child][MessageChannel::SendAndWait] Error: Channel error: cannot send/recv

1598463430419	geckodriver	INFO	Listening on 127.0.0.1:50456
1598463433469	mozrunner::runner	INFO	Running command: "C:\\Program Files\\Mozilla Firefox\\firefox.exe" "--marionette" "-foreground" "-no-remote" "-profile" "C:\\Users\\xyz\\AppData\\Local\\Temp\\rust_mozprofile4DsEaQ"
JavaScript error: resource://gre/modules/XULStore.jsm, line 66: Error: Can't find profile directory.
console.error: SearchCache: "_readCacheFile: Error reading cache file:" (new Error("", "(unknown module)"))
1598463438864	Marionette	INFO	Listening on port 50464
1598463439038	Marionette	WARN	TLS certificate errors will be ignored for this session
1598463447038	Marionette	INFO	Stopped listening on port 50464

###!!! [Child][MessageChannel::SendAndWait] Error: Channel error: cannot send/recv

1598463468655	geckodriver	INFO	Listening on 127.0.0.1:50564
1598463471623	mozrunner::runner	INFO	Running command: "C:\\Program Files\\Mozilla Firefox\\firefox.exe" "--marionette" "-foreground" "-no-remote" "-profile" "C:\\Users\\xyz\\AppData\\Local\\Temp\\rust_mozprofileNOj55p"
console.error: SearchCache: "_readCacheFile: Error reading cache file:" (new Error("", "(unknown module)"))
JavaScript error: resource://gre/modules/XULStore.jsm, line 66: Error: Can't find profile directory.
1598463485227	Marionette	INFO	Listening on port 50573
1598463485249	Marionette	WARN	TLS certificate errors will be ignored for this session
1598463499836	Marionette	INFO	Stopped listening on port 50573
JavaScript error: resource://gre/modules/UrlClassifierListManager.jsm, line 691: TypeError: this.tablesData[table] is undefined

###!!! [Child][RunMessage] Error: Channel closing: too late to send/recv, messages will be lost


###!!! [Child][MessageChannel::SendAndWait] Error: Channel error: cannot send/recv

1598466266394	geckodriver	INFO	Listening on 127.0.0.1:52768
1598466269444	mozrunner::runner	INFO	Running command: "C:\\Program Files\\Mozilla Firefox\\firefox.exe" "--marionette" "-foreground" "-no-remote" "-profile" "C:\\Users\\xyz\\AppData\\Local\\Temp\\rust_mozprofile9gKahl"
JavaScript error: resource://gre/modules/XULStore.jsm, line 66: Error: Can't find profile directory.
console.error: SearchCache: "_readCacheFile: Error reading cache file:" (new Error("", "(unknown module)"))
1598466292580	Marionette	INFO	Listening on port 52789
1598466292859	Marionette	WARN	TLS certificate errors will be ignored for this session
1598466314469	Marionette	INFO	Stopped listening on port 52788
JavaScript error: https://admin-demo.nopcommerce.com/lib/jquery/jquery-3.4.1.min.js, line 2: NS_ERROR_NOT_INITIALIZED: 

###!!! [Child][MessageChannel] Error: (msgtype=0x5A0011,name=PHttpChannel::Msg___delete__) Channel closing: too late to send/recv, messages will be lost


###!!! [Child][MessageChannel] Error: (msgtype=0x6B0029,name=PNecko::Msg_RemoveRequestContext) Channel closing: too late to send/recv, messages will be lost

[Parent 12612, Gecko_IOThread] WARNING: file /builds/worker/checkouts/gecko/ipc/chromium/src/base/process_util_win.cc, line 166

###!!! [Child][RunMessage] Error: Channel closing: too late to send/recv, messages will be lost


###!!! [Child][MessageChannel::SendAndWait] Error: Channel error: cannot send/recv

1598466364924	geckodriver	INFO	Listening on 127.0.0.1:52965
1598466367935	mozrunner::runner	INFO	Running command: "C:\\Program Files\\Mozilla Firefox\\firefox.exe" "--marionette" "-foreground" "-no-remote" "-profile" "C:\\Users\\xyz\\AppData\\Local\\Temp\\rust_mozprofileTf3nRY"
console.error: SearchCache: "_readCacheFile: Error reading cache file:" (new Error("", "(unknown modulconsole.error: SearchCache: "_readCacheFile: Error reading cache file:" (new Error("", "(unknown module)"))
1598466378218	Marionette	INFO	Listening on port 52981
1598466381500	Marionette	WARN	TLS certificate errors will be ignored for this session
console.error: Region.jsm: "Error fetching region" (new AbortError("The operation was aborted. ", (void 0), 636))
console.error: Region.jsm: "Failed to fetch region" (new Error("NO_RESULT", "resource://gre/modules/Region.jsm", 343))
1598466399781	Marionette	INFO	Stopped listening on port 52982
JavaScript error: https://admin-demo.nopcommerce.com/lib/jquery/jquery-3.4.1.min.js, line 2: NS_ERROR_NOT_INITIALIZED: 
JavaScript error: resource://gre/modules/UrlClassifierListManager.jsm, line 691: TypeError: this.tablesData[table] is undefined

###!!! [Child][RunMessage] Error: Channel closing: too late to send/recv, messages will be lost


###!!! [Child][RunMessage] Error: Channel closing: too late to send/recv, messages will be lost


###!!! [Child][RunMessage] Error: Channel closing: too late to send/recv, messages will be lost


###!!! [Child][MessageChannel::SendAndWait] Error: Channel error: cannot send/recv

[RunMessage] Error: Channel closing: too late to send/recv, messages will be lost


###!!! [Child][MessageChannel::SendAndWait] Error: Channel error: cannot send/recv

